Arguments: 
  /Users/esteladiaz/.nvm/versions/node/v8.9.4/bin/node /usr/local/Cellar/yarn/1.12.1/libexec/bin/yarn.js init

PATH: 
  /usr/local/go/bin:/Users/esteladiaz/.nvm/versions/node/v8.9.4/bin:/usr/local/bin:/usr/bin:/bin:/usr/sbin:/sbin:/Users/esteladiaz/dev/bin:/Users/esteladiaz/dev/src/github.com/segmentio/dotfiles/scripts:/Users/esteladiaz/bin:/usr/local/bin:/usr/local/opt/go/libexec/bin

Yarn version: 
  1.12.1

Node version: 
  8.9.4

Platform: 
  darwin x64

Trace: 
  Error: canceled
      at Interface.<anonymous> (/usr/local/Cellar/yarn/1.12.1/libexec/lib/cli.js:120807:13)
      at emitNone (events.js:106:13)
      at Interface.emit (events.js:208:7)
      at Interface._ttyWrite (readline.js:775:16)
      at ReadStream.onkeypress (readline.js:160:10)
      at emitTwo (events.js:126:13)
      at ReadStream.emit (events.js:214:7)
      at emitKeys (internal/readline.js:420:14)
      at emitKeys.next (<anonymous>)
      at ReadStream.onData (readline.js:1011:36)

npm manifest: 
  No manifest

yarn manifest: 
  No manifest

Lockfile: 
  # THIS IS AN AUTOGENERATED FILE. DO NOT EDIT THIS FILE DIRECTLY.
  # yarn lockfile v1
